error processing url 'file:///C:/Users/Boss/AppData/Local/Temp/msohtmlclip1/01/clip_image001.png'
error processing url 'file:///C:/Users/Boss/AppData/Local/Temp/msohtmlclip1/01/clip_image007.png'
error processing url 'file:///C:/Users/Boss/AppData/Local/Temp/msohtmlclip1/01/clip_image015.png'
error processing url 'file:///C:/Users/Boss/AppData/Local/Temp/msohtmlclip1/01/clip_image001.png'
error processing url 'file:///C:/Users/Boss/AppData/Local/Temp/msohtmlclip1/01/clip_image001.png'
error processing url 'file:///C:/Users/Boss/AppData/Local/Temp/msohtmlclip1/01/clip_image003.png'
error processing url 'file:///C:/Users/Boss/AppData/Local/Temp/msohtmlclip1/01/clip_image005.png'
error processing url 'file:///C:/Users/Boss/AppData/Local/Temp/msohtmlclip1/01/clip_image007.png'
error processing url 'file:///C:/Users/Boss/AppData/Local/Temp/msohtmlclip1/01/clip_image009.png'
error processing url 'file:///C:/Users/Boss/AppData/Local/Temp/msohtmlclip1/01/clip_image011.png'
error processing url 'file:///C:/Users/Boss/AppData/Local/Temp/msohtmlclip1/01/clip_image013.png'
error processing url 'file:///C:/Users/Boss/AppData/Local/Temp/msohtmlclip1/01/clip_image015.png'
error processing url 'file:///C:/Users/Boss/AppData/Local/Temp/msohtmlclip1/01/clip_image017.png'
error processing url 'file:///C:/Users/Boss/AppData/Local/Temp/msohtmlclip1/01/clip_image019.png'
error processing url 'file:///C:/Users/Boss/AppData/Local/Temp/msohtmlclip1/01/clip_image001.png'
error processing url 'file:///C:/Users/Boss/AppData/Local/Temp/msohtmlclip1/01/clip_image002.png'
error processing url 'file:///C:/Users/Boss/AppData/Local/Temp/msohtmlclip1/01/clip_image004.png'
error processing url 'file:///C:/Users/Boss/AppData/Local/Temp/msohtmlclip1/01/clip_image011.emz'
error processing url 'file:///C:/Users/Boss/AppData/Local/Temp/msohtmlclip1/01/clip_image012.png'
error processing url 'file:///C:/Users/Boss/AppData/Local/Temp/msohtmlclip1/01/clip_image001.png'
error processing url 'file:///C:/Users/Boss/AppData/Local/Temp/msohtmlclip1/01/clip_image001.png'
error processing url 'file:///C:/Users/Boss/AppData/Local/Temp/msohtmlclip1/01/clip_image001.png'
error processing url 'file:///C:/Users/Boss/AppData/Local/Temp/msohtmlclip1/01/clip_image001.png'
error processing url 'file:///C:/Users/Boss/AppData/Local/Temp/msohtmlclip1/01/clip_image001.png'
error processing url 'file:///C:/Users/Boss/AppData/Local/Temp/msohtmlclip1/01/clip_image001.png'
error processing url 'file:///C:/Users/Boss/AppData/Local/Temp/msohtmlclip1/01/clip_image005.png'
error processing url 'file:///C:/Users/Boss/AppData/Local/Temp/msohtmlclip1/01/clip_image001.png'
error processing url 'file:///C:/Users/Boss/AppData/Local/Temp/msohtmlclip1/01/clip_image003.png'
error processing url 'file:///C:/Users/Boss/AppData/Local/Temp/msohtmlclip1/01/clip_image005.png'
error processing url 'file:///C:/Users/Boss/AppData/Local/Temp/msohtmlclip1/01/clip_image007.png'
error processing url 'file:///C:/Users/Boss/AppData/Local/Temp/msohtmlclip1/01/clip_image009.png'
error processing url 'file:///C:/Users/Boss/AppData/Local/Temp/msohtmlclip1/01/clip_image011.png'
error processing url 'file:///C:/Users/Boss/AppData/Local/Temp/msohtmlclip1/01/clip_image013.png'
error processing url 'file:///C:/Users/Boss/AppData/Local/Temp/msohtmlclip1/01/clip_image015.png'
error processing url 'file:///C:/Users/Boss/AppData/Local/Temp/msohtmlclip1/01/clip_image017.png'
error processing url 'file:///C:/Users/Boss/AppData/Local/Temp/msohtmlclip1/01/clip_image019.png'
error processing url 'file:///C:/Users/Boss/AppData/Local/Temp/msohtmlclip1/01/clip_image021.png'
error processing url 'file:///C:/Users/Boss/AppData/Local/Temp/msohtmlclip1/01/clip_image001.png'
error processing url 'file:///C:/Users/Boss/AppData/Local/Temp/msohtmlclip1/01/clip_image003.png'
error processing url 'file:///C:/Users/Boss/AppData/Local/Temp/msohtmlclip1/01/clip_image005.png'
error processing url 'file:///C:/Users/Boss/AppData/Local/Temp/msohtmlclip1/01/clip_image007.png'
error processing url 'file:///C:/Users/Boss/AppData/Local/Temp/msohtmlclip1/01/clip_image009.png'
error processing url 'file:///C:/Users/Boss/AppData/Local/Temp/msohtmlclip1/01/clip_image011.png'
error processing url 'file:///C:/Users/Boss/AppData/Local/Temp/msohtmlclip1/01/clip_image013.png'
error processing url 'file:///C:/Users/Boss/AppData/Local/Temp/msohtmlclip1/01/clip_image015.png'
error processing url 'file:///C:/Users/Boss/AppData/Local/Temp/msohtmlclip1/01/clip_image017.png'
error processing url 'file:///C:/Users/Boss/AppData/Local/Temp/msohtmlclip1/01/clip_image019.png'
Error setting attribute for object Phase:Initiating, feature isEnactable, and value falseorg.eclipse.epf.uma.impl.PhaseImpl@a04f38 (name: Initiating) (guid: _ysObgYuxEemyBLjcQ79CyA, presentationName: Initiating, briefDescription: The initiating phase is the first phase of a project lifecycle. This phase is associated with the identification of a need or a business opportunity that call for action on the part of the organisation. That need or business opportunity can be expressed by any person in the organisation and once this project initiation request is submited, the organisation top management looks into it so se if the proposed project aligns with the corporate strategy. If the proposed project concept survives the above assessment, it is then retained and considered for subsequent project phases., suppressed: false, orderingGuide: ) (isAbstract: false, shapeicon: null, nodeicon: null) (prefix: , isPlanned: false, hasMultipleOccurrences: false, isOptional: false) (isRepeatable: false, isOngoing: false, isEventDriven: true) (variabilityType: na)
error processing url 'file:///C:/Users/Boss/AppData/Local/Temp/msohtmlclip1/01/clip_image001.png'
Error setting attribute for object Phase:Planning, feature isEnactable, and value falseorg.eclipse.epf.uma.impl.PhaseImpl@10b7933 (name: Planning) (guid: _-1kL4YuxEemyBLjcQ79CyA, presentationName: Planning, briefDescription: The second phase of a PM project is the Planning Phase. It begins with the Planning Kick-off Meeting and ends once all project plans have been developed and baselined, and an appropriate management and implementation approach has been established. Most of a project뭩 artefacts are created during the Planning Phase. , suppressed: false, orderingGuide: ) (isAbstract: false, shapeicon: null, nodeicon: null) (prefix: , isPlanned: false, hasMultipleOccurrences: false, isOptional: false) (isRepeatable: false, isOngoing: true, isEventDriven: false) (variabilityType: na)
error processing url 'file:///C:/Users/Boss/AppData/Local/Temp/msohtmlclip1/01/clip_image001.png'
Error setting attribute for object Phase:Executing, feature isEnactable, and value falseorg.eclipse.epf.uma.impl.PhaseImpl@1bbb133 (name: Executing) (guid: _EYKRwYuyEemyBLjcQ79CyA, presentationName: Executing, briefDescription: The third phase of a PM project is the Executing Phase. During this phase, the project deliverables are produced and the requestor organisation prepares for their introduction. The Executing Phase begins with a Kick-off Meeting and ends with the acceptance (final or provisional뾞s per the Deliverables Acceptance Plan) by the requestor side., suppressed: false, orderingGuide: ) (isAbstract: false, shapeicon: null, nodeicon: null) (prefix: , isPlanned: true, hasMultipleOccurrences: false, isOptional: false) (isRepeatable: false, isOngoing: false, isEventDriven: false) (variabilityType: na)
error processing url 'file:///C:/Users/Boss/AppData/Local/Temp/msohtmlclip1/01/clip_image001.png'
Error setting attribute for object Phase:Closing, feature isEnactable, and value falseorg.eclipse.epf.uma.impl.PhaseImpl@713fd4 (name: Closing) (guid: _eVdhQYuyEemyBLjcQ79CyA, presentationName: Closing, briefDescription: The final phase of a PM project is the Closing Phase. During The Closing Phase starts with the Project-End Review Meeting and ends with the Project Owner뭩 (PO) final approval, which marks the project뭩 administrative closure. During the Closing Phase, the project뭩 activities are completed, the project뭩 final state is documented, and the finished deliverables are officially transferred to the Project Owner (PO)., suppressed: false, orderingGuide: ) (isAbstract: false, shapeicon: null, nodeicon: null) (prefix: , isPlanned: true, hasMultipleOccurrences: false, isOptional: false) (isRepeatable: false, isOngoing: false, isEventDriven: true) (variabilityType: na)
Error setting attribute for object DeliveryProcess:project_lifecycle, feature isEnactable, and value falseorg.eclipse.epf.uma.impl.DeliveryProcessImpl@af0735 (name: project_lifecycle) (guid: _b38ycYuxEemyBLjcQ79CyA, presentationName: PM Project Lifecycle, briefDescription: Project phases, tasks and roles involved in the creation of project deliverables. , suppressed: false, orderingGuide: ) (isAbstract: false, shapeicon: null, nodeicon: null) (prefix: , isPlanned: false, hasMultipleOccurrences: false, isOptional: false) (isRepeatable: false, isOngoing: false, isEventDriven: false) (variabilityType: na)
Error setting reference for feature validContext: no element with id _gp7HUYdiEeqwxpuomiZLaQ
Error setting attribute for object DeliveryProcess:project_lifecycle, feature diagramURI, and value open_pm2_plugin/deliveryprocesses/project_lifecycle/diagram.xmiorg.eclipse.epf.uma.impl.DeliveryProcessImpl@af0735 (name: project_lifecycle) (guid: _b38ycYuxEemyBLjcQ79CyA, presentationName: PM Project Lifecycle, briefDescription: Project phases, tasks and roles involved in the creation of project deliverables. , suppressed: false, orderingGuide: ) (isAbstract: false, shapeicon: null, nodeicon: null) (prefix: , isPlanned: false, hasMultipleOccurrences: false, isOptional: false) (isRepeatable: false, isOngoing: false, isEventDriven: false) (variabilityType: na)
Error setting attribute for object DeliveryProcess:project_monitor_control, feature isEnactable, and value falseorg.eclipse.epf.uma.impl.DeliveryProcessImpl@1cadd96 (name: project_monitor_control) (guid: _sjdF0WLeEeq38o2oTgN7Bw, presentationName: Project Monitor & Control Activities, briefDescription: Monitor & Control activities run throughout the duration of the project, but peak during the Executing Phase. All project management processes are executed as part of the Monitor & Control process group. The Monitor & Control activities are carried out based on the processes described in the Project Management Plans developed during the Planning Phase. The effective execution of these processes is ultimately the responsibility of the Project Manager (PM). , suppressed: false, orderingGuide: ) (isAbstract: false, shapeicon: null, nodeicon: null) (prefix: , isPlanned: false, hasMultipleOccurrences: false, isOptional: false) (isRepeatable: false, isOngoing: false, isEventDriven: false) (variabilityType: na)
Error setting reference for feature methodPackageSelection: no element with id _2UChMVGREem0Go2qfBrTHA
Error setting reference for feature methodPackageSelection: no element with id _2UChMFGREem0Go2qfBrTHA
Error setting reference for feature methodPackageSelection: no element with id _2UB6LFGREem0Go2qfBrTHA
Error setting reference for feature methodPackageSelection: no element with id _2UB6IVGREem0Go2qfBrTHA
Error setting reference for feature methodPackageSelection: no element with id _xqWicIdiEeqwxpuomiZLaQ
Error setting reference for feature methodPackageSelection: no element with id _2UB6IlGREem0Go2qfBrTHA
Error setting reference for feature methodPackageSelection: no element with id _2UB6KFGREem0Go2qfBrTHA
Error setting reference for feature methodPackageSelection: no element with id _2UB6KlGREem0Go2qfBrTHA
Error setting attribute for object MethodLibrary:btm_bok_method_library, feature tool, and value epf=1.5.0org.eclipse.epf.uma.impl.MethodLibraryImpl@7e9565 (name: btm_bok_method_library) (guid: _bB4NAH0pEeiCHoMhAnpU3g, presentationName: , briefDescription: BTM BOK Method Library., suppressed: false, orderingGuide: ) (authors: , changeDate: null, changeDescription: , version: )
